Invalid procedure call or argument 
  Time='07/28/16 14:46:26' App='WordToRQM:16.5.3982' ADO-version='10.0' Computer='HANMC' 
  Method: Connect.UpdateCustomTools 
  Number: 5 = &H5 = vbObjectError + 2147221509 = ERRMAP_APP_FIRST + 2147216311 
  Source: WordToRqm16 
  Description: Invalid procedure call or argument
  Call Stack: Connect.UpdateCustomTools(bNew={Nothing}) --------------------------------------------



Invalid procedure call or argument 
  Time='07/28/16 14:46:26' App='WordToRQM:16.5.3982' ADO-version='10.0' Computer='HANMC' 
  Method: Connect.AddReqButtons 
  Number: 5 = &H5 = vbObjectError + 2147221509 = ERRMAP_APP_FIRST + 2147216311 
  Source: WordToRqm16 
  Description: Invalid procedure call or argument
  Call Stack: Connect.AddReqButtons() --------------------------------------------------------------



集合所要求的成员不存在。 
  Time='07/28/16 14:46:26' App='WordToRQM:16.5.3982' ADO-version='10.0' Computer='HANMC' 
  Method: Connect.AttachRqmDot 
  Number: 5941 = &H1735 = vbObjectError + 2147227445 = ERRMAP_APP_FIRST + 2147222247 
  Source: Microsoft Word 
  Description: 集合所要求的成员不存在。
  Call Stack: Connect.AttachRqmDot() ---------------------------------------------------------------



此方法或属性无效，因为 该命令不可用于读取 
  Time='07/28/16 14:46:26' App='WordToRQM:16.5.3982' ADO-version='10.0' Computer='HANMC' 
  Method: Connect.AttachRqmDot 
  Number: 4605 = &H11FD = vbObjectError + 2147226109 = ERRMAP_APP_FIRST + 2147220911 
  Source: Microsoft Word 
  Description: 此方法或属性无效，因为 该命令不可用于读取
  Call Stack: Connect.AttachRqmDot() ---------------------------------------------------------------



Subscript out of range 
  Time='07/28/16 14:46:28' App='WordToRQM:16.5.3982' ADO-version='10.0' Computer='HANMC' 
  Method: Connect.AddReqButtons 
  Number: 9 = &H9 = vbObjectError + 2147221513 = ERRMAP_APP_FIRST + 2147216315 
  Source: WordToRqm16 
  Description: Subscript out of range
  Call Stack: Connect.AddReqButtons() --------------------------------------------------------------



集合所要求的成员不存在。 
  Time='07/28/16 14:46:29' App='WordToRQM:16.5.3982' ADO-version='10.0' Computer='HANMC' 
  Method: Connect.AttachRqmDot 
  Number: 5941 = &H1735 = vbObjectError + 2147227445 = ERRMAP_APP_FIRST + 2147222247 
  Source: Microsoft Word 
  Description: 集合所要求的成员不存在。
  Call Stack: Connect.AttachRqmDot() ---------------------------------------------------------------



此方法或属性无效，因为 该命令不可用于读取 
  Time='07/28/16 14:46:29' App='WordToRQM:16.5.3982' ADO-version='10.0' Computer='HANMC' 
  Method: Connect.AttachRqmDot 
  Number: 4605 = &H11FD = vbObjectError + 2147226109 = ERRMAP_APP_FIRST + 2147220911 
  Source: Microsoft Word 
  Description: 此方法或属性无效，因为 该命令不可用于读取
  Call Stack: Connect.AttachRqmDot() ---------------------------------------------------------------



Object variable or With block variable not set 
  Time='07/28/16 14:46:33' App='WordToRQM:16.5.3982' ADO-version='10.0' Computer='HANMC' 
  Method: WdDocUtils.IsLinkedDocument 
  Number: 91 = &H5B = vbObjectError + 2147221595 = ERRMAP_APP_FIRST + 2147216397 
  Source: WordToRqm16 
  Description: Object variable or With block variable not set
  Call Stack: WdDocUtils.IsLinkedDocument() --------------------------------------------------------



Object variable or With block variable not set 
  Time='07/28/16 14:46:34' App='WordToRQM:16.5.3982' ADO-version='10.0' Computer='HANMC' 
  Method: WdDocUtils.IsLinkedDocument 
  Number: 91 = &H5B = vbObjectError + 2147221595 = ERRMAP_APP_FIRST + 2147216397 
  Source: WordToRqm16 
  Description: Object variable or With block variable not set
  Call Stack: WdDocUtils.IsLinkedDocument() --------------------------------------------------------



Object variable or With block variable not set 
  Time='07/28/16 14:46:36' App='WordToRQM:16.5.3982' ADO-version='10.0' Computer='HANMC' 
  Method: WdDocUtils.IsLinkedDocument 
  Number: 91 = &H5B = vbObjectError + 2147221595 = ERRMAP_APP_FIRST + 2147216397 
  Source: WordToRqm16 
  Description: Object variable or With block variable not set
  Call Stack: WdDocUtils.IsLinkedDocument() --------------------------------------------------------



Object variable or With block variable not set 
  Time='07/28/16 14:46:36' App='WordToRQM:16.5.3982' ADO-version='10.0' Computer='HANMC' 
  Method: WdDocUtils.IsLinkedDocument 
  Number: 91 = &H5B = vbObjectError + 2147221595 = ERRMAP_APP_FIRST + 2147216397 
  Source: WordToRqm16 
  Description: Object variable or With block variable not set
  Call Stack: WdDocUtils.IsLinkedDocument() --------------------------------------------------------



Object variable or With block variable not set 
  Time='07/28/16 14:46:37' App='WordToRQM:16.5.3982' ADO-version='10.0' Computer='HANMC' 
  Method: WdDocUtils.IsLinkedDocument 
  Number: 91 = &H5B = vbObjectError + 2147221595 = ERRMAP_APP_FIRST + 2147216397 
  Source: WordToRqm16 
  Description: Object variable or With block variable not set
  Call Stack: WdDocUtils.IsLinkedDocument() --------------------------------------------------------



集合所要求的成员不存在。 
  Time='07/28/16 14:46:42' App='WordToRQM:16.5.3982' ADO-version='10.0' Computer='HANMC' 
  Method: Connect.App_WindowDeactivate 
  Number: 5941 = &H1735 = vbObjectError + 2147227445 = ERRMAP_APP_FIRST + 2147222247 
  Source: Microsoft Word 
  Description: 集合所要求的成员不存在。
  Call Stack: Connect.App_WindowDeactivate(Doc={Text}, Wn={Text}) ----------------------------------
    Value Of Doc:
      '20160721任务.docx-revHEAD.svn002.tmp.docx'
    Value Of Wn:
      '20160721任务.docx-revHEAD.svn002.tmp.docx [只读]'



Subscript out of range 
  Time='07/28/16 14:46:46' App='WordToRQM:16.5.3982' ADO-version='10.0' Computer='HANMC' 
  Method: Connect.UpdateCustomTools 
  Number: 9 = &H9 = vbObjectError + 2147221513 = ERRMAP_APP_FIRST + 2147216315 
  Source: WordToRqm16 
  Description: Subscript out of range
  Call Stack: Connect.UpdateCustomTools(bNew={Nothing}) --------------------------------------------



Subscript out of range 
  Time='07/28/16 14:46:46' App='WordToRQM:16.5.3982' ADO-version='10.0' Computer='HANMC' 
  Method: Connect.UpdateCustomTools 
  Number: 9 = &H9 = vbObjectError + 2147221513 = ERRMAP_APP_FIRST + 2147216315 
  Source: WordToRqm16 
  Description: Subscript out of range
  Call Stack: Connect.UpdateCustomTools(bNew={Nothing}) --------------------------------------------



Object variable or With block variable not set 
  Time='07/28/16 14:46:46' App='WordToRQM:16.5.3982' ADO-version='10.0' Computer='HANMC' 
  Method: Connect.UpdateCustomTools 
  Number: 91 = &H5B = vbObjectError + 2147221595 = ERRMAP_APP_FIRST + 2147216397 
  Source: WordToRqm16 
  Description: Object variable or With block variable not set
  Call Stack: Connect.UpdateCustomTools(bNew={Nothing}) --------------------------------------------



Object variable or With block variable not set 
  Time='07/28/16 14:46:46' App='WordToRQM:16.5.3982' ADO-version='10.0' Computer='HANMC' 
  Method: Connect.UpdateCustomTools 
  Number: 91 = &H5B = vbObjectError + 2147221595 = ERRMAP_APP_FIRST + 2147216397 
  Source: WordToRqm16 
  Description: Object variable or With block variable not set
  Call Stack: Connect.UpdateCustomTools(bNew={Nothing}) --------------------------------------------



集合所要求的成员不存在。 
  Time='07/28/16 14:46:49' App='WordToRQM:16.5.3982' ADO-version='10.0' Computer='HANMC' 
  Method: Connect.App_WindowDeactivate 
  Number: 5941 = &H1735 = vbObjectError + 2147227445 = ERRMAP_APP_FIRST + 2147222247 
  Source: Microsoft Word 
  Description: 集合所要求的成员不存在。
  Call Stack: Connect.App_WindowDeactivate(Doc={Text}, Wn={Text}) ----------------------------------
    Value Of Doc:
      '20160721任务.docx-revHEAD.svn002.tmp.docx'
    Value Of Wn:
      '20160721任务.docx-revHEAD.svn002.tmp.docx [只读]'



Subscript out of range 
  Time='07/28/16 14:46:54' App='WordToRQM:16.5.3982' ADO-version='10.0' Computer='HANMC' 
  Method: Connect.UpdateCustomTools 
  Number: 9 = &H9 = vbObjectError + 2147221513 = ERRMAP_APP_FIRST + 2147216315 
  Source: WordToRqm16 
  Description: Subscript out of range
  Call Stack: Connect.UpdateCustomTools(bNew={Nothing}) --------------------------------------------



Subscript out of range 
  Time='07/28/16 14:46:54' App='WordToRQM:16.5.3982' ADO-version='10.0' Computer='HANMC' 
  Method: Connect.UpdateCustomTools 
  Number: 9 = &H9 = vbObjectError + 2147221513 = ERRMAP_APP_FIRST + 2147216315 
  Source: WordToRqm16 
  Description: Subscript out of range
  Call Stack: Connect.UpdateCustomTools(bNew={Nothing}) --------------------------------------------



Object variable or With block variable not set 
  Time='07/28/16 14:46:54' App='WordToRQM:16.5.3982' ADO-version='10.0' Computer='HANMC' 
  Method: Connect.UpdateCustomTools 
  Number: 91 = &H5B = vbObjectError + 2147221595 = ERRMAP_APP_FIRST + 2147216397 
  Source: WordToRqm16 
  Description: Object variable or With block variable not set
  Call Stack: Connect.UpdateCustomTools(bNew={Nothing}) --------------------------------------------



Object variable or With block variable not set 
  Time='07/28/16 14:46:54' App='WordToRQM:16.5.3982' ADO-version='10.0' Computer='HANMC' 
  Method: Connect.UpdateCustomTools 
  Number: 91 = &H5B = vbObjectError + 2147221595 = ERRMAP_APP_FIRST + 2147216397 
  Source: WordToRqm16 
  Description: Object variable or With block variable not set
  Call Stack: Connect.UpdateCustomTools(bNew={Nothing}) --------------------------------------------



集合所要求的成员不存在。 
  Time='07/28/16 14:46:58' App='WordToRQM:16.5.3982' ADO-version='10.0' Computer='HANMC' 
  Method: Connect.App_WindowDeactivate 
  Number: 5941 = &H1735 = vbObjectError + 2147227445 = ERRMAP_APP_FIRST + 2147222247 
  Source: Microsoft Word 
  Description: 集合所要求的成员不存在。
  Call Stack: Connect.App_WindowDeactivate(Doc={Text}, Wn={Text}) ----------------------------------
    Value Of Doc:
      '20160721任务.docx-revHEAD.svn002.tmp.docx'
    Value Of Wn:
      '20160721任务.docx-revHEAD.svn002.tmp.docx [只读]'



Subscript out of range 
  Time='07/28/16 14:47:04' App='WordToRQM:16.5.3982' ADO-version='10.0' Computer='HANMC' 
  Method: Connect.UpdateCustomTools 
  Number: 9 = &H9 = vbObjectError + 2147221513 = ERRMAP_APP_FIRST + 2147216315 
  Source: WordToRqm16 
  Description: Subscript out of range
  Call Stack: Connect.UpdateCustomTools(bNew={Nothing}) --------------------------------------------



Subscript out of range 
  Time='07/28/16 14:47:04' App='WordToRQM:16.5.3982' ADO-version='10.0' Computer='HANMC' 
  Method: Connect.UpdateCustomTools 
  Number: 9 = &H9 = vbObjectError + 2147221513 = ERRMAP_APP_FIRST + 2147216315 
  Source: WordToRqm16 
  Description: Subscript out of range
  Call Stack: Connect.UpdateCustomTools(bNew={Nothing}) --------------------------------------------



Object variable or With block variable not set 
  Time='07/28/16 14:47:04' App='WordToRQM:16.5.3982' ADO-version='10.0' Computer='HANMC' 
  Method: Connect.UpdateCustomTools 
  Number: 91 = &H5B = vbObjectError + 2147221595 = ERRMAP_APP_FIRST + 2147216397 
  Source: WordToRqm16 
  Description: Object variable or With block variable not set
  Call Stack: Connect.UpdateCustomTools(bNew={Nothing}) --------------------------------------------



Object variable or With block variable not set 
  Time='07/28/16 14:47:04' App='WordToRQM:16.5.3982' ADO-version='10.0' Computer='HANMC' 
  Method: Connect.UpdateCustomTools 
  Number: 91 = &H5B = vbObjectError + 2147221595 = ERRMAP_APP_FIRST + 2147216397 
  Source: WordToRqm16 
  Description: Object variable or With block variable not set
  Call Stack: Connect.UpdateCustomTools(bNew={Nothing}) --------------------------------------------



集合所要求的成员不存在。 
  Time='07/28/16 14:47:05' App='WordToRQM:16.5.3982' ADO-version='10.0' Computer='HANMC' 
  Method: Connect.App_WindowDeactivate 
  Number: 5941 = &H1735 = vbObjectError + 2147227445 = ERRMAP_APP_FIRST + 2147222247 
  Source: Microsoft Word 
  Description: 集合所要求的成员不存在。
  Call Stack: Connect.App_WindowDeactivate(Doc={Text}, Wn={Text}) ----------------------------------
    Value Of Doc:
      '20160721任务.docx-revHEAD.svn002.tmp.docx'
    Value Of Wn:
      '20160721任务.docx-revHEAD.svn002.tmp.docx [只读]'



Subscript out of range 
  Time='07/28/16 14:47:08' App='WordToRQM:16.5.3982' ADO-version='10.0' Computer='HANMC' 
  Method: Connect.UpdateCustomTools 
  Number: 9 = &H9 = vbObjectError + 2147221513 = ERRMAP_APP_FIRST + 2147216315 
  Source: WordToRqm16 
  Description: Subscript out of range
  Call Stack: Connect.UpdateCustomTools(bNew={Nothing}) --------------------------------------------



Subscript out of range 
  Time='07/28/16 14:47:08' App='WordToRQM:16.5.3982' ADO-version='10.0' Computer='HANMC' 
  Method: Connect.UpdateCustomTools 
  Number: 9 = &H9 = vbObjectError + 2147221513 = ERRMAP_APP_FIRST + 2147216315 
  Source: WordToRqm16 
  Description: Subscript out of range
  Call Stack: Connect.UpdateCustomTools(bNew={Nothing}) --------------------------------------------



Object variable or With block variable not set 
  Time='07/28/16 14:47:08' App='WordToRQM:16.5.3982' ADO-version='10.0' Computer='HANMC' 
  Method: Connect.UpdateCustomTools 
  Number: 91 = &H5B = vbObjectError + 2147221595 = ERRMAP_APP_FIRST + 2147216397 
  Source: WordToRqm16 
  Description: Object variable or With block variable not set
  Call Stack: Connect.UpdateCustomTools(bNew={Nothing}) --------------------------------------------



Object variable or With block variable not set 
  Time='07/28/16 14:47:08' App='WordToRQM:16.5.3982' ADO-version='10.0' Computer='HANMC' 
  Method: Connect.UpdateCustomTools 
  Number: 91 = &H5B = vbObjectError + 2147221595 = ERRMAP_APP_FIRST + 2147216397 
  Source: WordToRqm16 
  Description: Object variable or With block variable not set
  Call Stack: Connect.UpdateCustomTools(bNew={Nothing}) --------------------------------------------



集合所要求的成员不存在。 
  Time='07/28/16 14:47:12' App='WordToRQM:16.5.3982' ADO-version='10.0' Computer='HANMC' 
  Method: Connect.App_WindowDeactivate 
  Number: 5941 = &H1735 = vbObjectError + 2147227445 = ERRMAP_APP_FIRST + 2147222247 
  Source: Microsoft Word 
  Description: 集合所要求的成员不存在。
  Call Stack: Connect.App_WindowDeactivate(Doc={Text}, Wn={Text}) ----------------------------------
    Value Of Doc:
      '20160721任务.docx-revHEAD.svn002.tmp.docx'
    Value Of Wn:
      '20160721任务.docx-revHEAD.svn002.tmp.docx [只读]'



Subscript out of range 
  Time='07/28/16 14:47:15' App='WordToRQM:16.5.3982' ADO-version='10.0' Computer='HANMC' 
  Method: Connect.UpdateCustomTools 
  Number: 9 = &H9 = vbObjectError + 2147221513 = ERRMAP_APP_FIRST + 2147216315 
  Source: WordToRqm16 
  Description: Subscript out of range
  Call Stack: Connect.UpdateCustomTools(bNew={Nothing}) --------------------------------------------



Subscript out of range 
  Time='07/28/16 14:47:15' App='WordToRQM:16.5.3982' ADO-version='10.0' Computer='HANMC' 
  Method: Connect.UpdateCustomTools 
  Number: 9 = &H9 = vbObjectError + 2147221513 = ERRMAP_APP_FIRST + 2147216315 
  Source: WordToRqm16 
  Description: Subscript out of range
  Call Stack: Connect.UpdateCustomTools(bNew={Nothing}) --------------------------------------------



Object variable or With block variable not set 
  Time='07/28/16 14:47:15' App='WordToRQM:16.5.3982' ADO-version='10.0' Computer='HANMC' 
  Method: Connect.UpdateCustomTools 
  Number: 91 = &H5B = vbObjectError + 2147221595 = ERRMAP_APP_FIRST + 2147216397 
  Source: WordToRqm16 
  Description: Object variable or With block variable not set
  Call Stack: Connect.UpdateCustomTools(bNew={Nothing}) --------------------------------------------



Object variable or With block variable not set 
  Time='07/28/16 14:47:15' App='WordToRQM:16.5.3982' ADO-version='10.0' Computer='HANMC' 
  Method: Connect.UpdateCustomTools 
  Number: 91 = &H5B = vbObjectError + 2147221595 = ERRMAP_APP_FIRST + 2147216397 
  Source: WordToRqm16 
  Description: Object variable or With block variable not set
  Call Stack: Connect.UpdateCustomTools(bNew={Nothing}) --------------------------------------------



集合所要求的成员不存在。 
  Time='07/28/16 14:47:16' App='WordToRQM:16.5.3982' ADO-version='10.0' Computer='HANMC' 
  Method: Connect.App_WindowDeactivate 
  Number: 5941 = &H1735 = vbObjectError + 2147227445 = ERRMAP_APP_FIRST + 2147222247 
  Source: Microsoft Word 
  Description: 集合所要求的成员不存在。
  Call Stack: Connect.App_WindowDeactivate(Doc={Text}, Wn={Text}) ----------------------------------
    Value Of Doc:
      '20160721任务.docx-revHEAD.svn002.tmp.docx'
    Value Of Wn:
      '20160721任务.docx-revHEAD.svn002.tmp.docx [只读]'



Subscript out of range 
  Time='07/28/16 14:47:20' App='WordToRQM:16.5.3982' ADO-version='10.0' Computer='HANMC' 
  Method: Connect.UpdateCustomTools 
  Number: 9 = &H9 = vbObjectError + 2147221513 = ERRMAP_APP_FIRST + 2147216315 
  Source: WordToRqm16 
  Description: Subscript out of range
  Call Stack: Connect.UpdateCustomTools(bNew={Nothing}) --------------------------------------------



Subscript out of range 
  Time='07/28/16 14:47:20' App='WordToRQM:16.5.3982' ADO-version='10.0' Computer='HANMC' 
  Method: Connect.UpdateCustomTools 
  Number: 9 = &H9 = vbObjectError + 2147221513 = ERRMAP_APP_FIRST + 2147216315 
  Source: WordToRqm16 
  Description: Subscript out of range
  Call Stack: Connect.UpdateCustomTools(bNew={Nothing}) --------------------------------------------



Object variable or With block variable not set 
  Time='07/28/16 14:47:20' App='WordToRQM:16.5.3982' ADO-version='10.0' Computer='HANMC' 
  Method: Connect.UpdateCustomTools 
  Number: 91 = &H5B = vbObjectError + 2147221595 = ERRMAP_APP_FIRST + 2147216397 
  Source: WordToRqm16 
  Description: Object variable or With block variable not set
  Call Stack: Connect.UpdateCustomTools(bNew={Nothing}) --------------------------------------------



Object variable or With block variable not set 
  Time='07/28/16 14:47:20' App='WordToRQM:16.5.3982' ADO-version='10.0' Computer='HANMC' 
  Method: Connect.UpdateCustomTools 
  Number: 91 = &H5B = vbObjectError + 2147221595 = ERRMAP_APP_FIRST + 2147216397 
  Source: WordToRqm16 
  Description: Object variable or With block variable not set
  Call Stack: Connect.UpdateCustomTools(bNew={Nothing}) --------------------------------------------



集合所要求的成员不存在。 
  Time='07/28/16 14:47:21' App='WordToRQM:16.5.3982' ADO-version='10.0' Computer='HANMC' 
  Method: Connect.App_WindowDeactivate 
  Number: 5941 = &H1735 = vbObjectError + 2147227445 = ERRMAP_APP_FIRST + 2147222247 
  Source: Microsoft Word 
  Description: 集合所要求的成员不存在。
  Call Stack: Connect.App_WindowDeactivate(Doc={Text}, Wn={Text}) ----------------------------------
    Value Of Doc:
      '20160721任务.docx-revHEAD.svn002.tmp.docx'
    Value Of Wn:
      '20160721任务.docx-revHEAD.svn002.tmp.docx [只读]'



集合所要求的成员不存在。 
  Time='07/28/16 14:54:14' App='WordToRQM:16.5.3982' ADO-version='10.0' Computer='HANMC' 
  Method: Connect.App_WindowDeactivate 
  Number: 5941 = &H1735 = vbObjectError + 2147227445 = ERRMAP_APP_FIRST + 2147222247 
  Source: Microsoft Word 
  Description: 集合所要求的成员不存在。
  Call Stack: Connect.App_WindowDeactivate(Doc={Text}, Wn={Text}) ----------------------------------
    Value Of Doc:
      '20160721任务.docx-revHEAD.svn002.tmp.docx'
    Value Of Wn:
      '20160721任务.docx-revHEAD.svn002.tmp.docx [只读]'



